<?xml version="1.0" encoding="UTF-8"?>
<!-- Generated by org.testng.reporters.JUnitXMLReporter -->
<testsuite ignored="2" hostname="DESKTOP-6K8Q28J" failures="0" tests="0" time="0.015" errors="0" timestamp="2023-04-12T14:46:41 IST">
  <testcase classname="LoginListTestCases.LoginDropDownTestcase" name="searchData" time="0.0">
    <ignored/>
  </testcase> <!-- searchData -->
  <testcase classname="LoginListTestCases.LoginDropDownTestcase" name="loginBtn" time="0.0">
    <ignored/>
  </testcase> <!-- loginBtn -->
</testsuite>
