<?xml version="1.0" encoding="UTF-8"?>
<testng-results skipped="0" failed="0" ignored="0" total="2" passed="2">
  <reporter-output>
  </reporter-output>
  <suite name="Default suite" duration-ms="270271" started-at="2023-04-04T23:43:49 IST" finished-at="2023-04-04T23:48:20 IST">
    <groups>
    </groups>
    <test name="Default test" duration-ms="270271" started-at="2023-04-04T23:43:49 IST" finished-at="2023-04-04T23:48:20 IST">
      <class name="TestCases.PNBMetLIfeHomePage_TestCases">
        <test-method status="PASS" signature="headerItem()[pri:0, instance:TestCases.PNBMetLIfeHomePage_TestCases@52f759d7]" name="headerItem" duration-ms="267683" started-at="2023-04-04T23:43:51 IST" finished-at="2023-04-04T23:48:18 IST">
          <reporter-output>
          </reporter-output>
        </test-method> <!-- headerItem -->
        <test-method status="PASS" signature="headerItems()[pri:0, instance:TestCases.PNBMetLIfeHomePage_TestCases@52f759d7]" name="headerItems" duration-ms="963" started-at="2023-04-04T23:48:19 IST" finished-at="2023-04-04T23:48:20 IST">
          <reporter-output>
          </reporter-output>
        </test-method> <!-- headerItems -->
      </class> <!-- TestCases.PNBMetLIfeHomePage_TestCases -->
    </test> <!-- Default test -->
  </suite> <!-- Default suite -->
</testng-results>
