<?xml version="1.0" encoding="UTF-8"?>
<testng-results ignored="0" total="2" passed="2" failed="0" skipped="0">
  <reporter-output>
  </reporter-output>
  <suite started-at="2023-04-13T06:02:19 IST" name="Default suite" finished-at="2023-04-13T06:08:05 IST" duration-ms="345504">
    <groups>
    </groups>
    <test started-at="2023-04-13T06:02:19 IST" name="Default test" finished-at="2023-04-13T06:08:05 IST" duration-ms="345504">
      <class name="LoginListTestCases.CutomerLoginTestcases">
        <test-method signature="loginTry(java.lang.String,java.lang.String)[pri:0, instance:LoginListTestCases.CutomerLoginTestcases@7334aada]" started-at="2023-04-13T06:02:19 IST" name="loginTry" data-provider="loginData" finished-at="2023-04-13T06:06:07 IST" duration-ms="227134" status="PASS">
          <params>
            <param index="0">
              <value>
                <![CDATA[  ]]>
              </value>
            </param>
            <param index="1">
              <value>
                <![CDATA[hari@123]]>
              </value>
            </param>
          </params>
          <reporter-output>
          </reporter-output>
        </test-method> <!-- loginTry -->
        <test-method signature="loginTry(java.lang.String,java.lang.String)[pri:0, instance:LoginListTestCases.CutomerLoginTestcases@7334aada]" started-at="2023-04-13T06:06:07 IST" name="loginTry" data-provider="loginData" finished-at="2023-04-13T06:08:04 IST" duration-ms="117722" status="PASS">
          <params>
            <param index="0">
              <value>
                <![CDATA[hari]]>
              </value>
            </param>
            <param index="1">
              <value>
                <![CDATA[ Hari@123 ]]>
              </value>
            </param>
          </params>
          <reporter-output>
          </reporter-output>
        </test-method> <!-- loginTry -->
      </class> <!-- LoginListTestCases.CutomerLoginTestcases -->
    </test> <!-- Default test -->
  </suite> <!-- Default suite -->
</testng-results>
